<?xml version="1.0" encoding="UTF-8"?>
<testng-results ignored="0" total="1" passed="1" failed="0" skipped="0">
  <reporter-output>
  </reporter-output>
  <suite started-at="2024-07-29T22:45:21 IST" name="Default suite" finished-at="2024-07-29T22:45:31 IST" duration-ms="10095">
    <groups>
    </groups>
    <test started-at="2024-07-29T22:45:21 IST" name="Default test" finished-at="2024-07-29T22:45:31 IST" duration-ms="10095">
      <class name="airline.project2.TC_07">
        <test-method signature="Validate_search_classes()[pri:0, instance:airline.project2.TC_07@6da21078]" started-at="2024-07-29T22:45:21 IST" name="Validate_search_classes" finished-at="2024-07-29T22:45:31 IST" duration-ms="10057" status="PASS">
          <reporter-output>
          </reporter-output>
        </test-method> <!-- Validate_search_classes -->
      </class> <!-- airline.project2.TC_07 -->
    </test> <!-- Default test -->
  </suite> <!-- Default suite -->
</testng-results>
